{
  "stats": {
    "suites": 1,
    "tests": 2,
    "passes": 2,
    "pending": 0,
    "failures": 0,
    "testsRegistered": 2,
    "passPercent": 100,
    "pendingPercent": 0,
    "other": 0,
    "hasOther": false,
    "skipped": 0,
    "hasSkipped": false,
    "start": "2025-05-26T22:03:46.764Z",
    "end": "2025-05-26T22:04:39.645Z",
    "duration": 52881
  },
  "results": [
    {
      "uuid": "8640f50d-2531-4300-96a3-eb893e4c7579",
      "title": "",
      "fullFile": "cypress\\e2e\\auth\\signup.cy.ts",
      "file": "cypress\\e2e\\auth\\signup.cy.ts",
      "beforeHooks": [],
      "afterHooks": [],
      "tests": [],
      "suites": [
        {
          "uuid": "45f5733d-15c0-40a0-a466-81eb5986159d",
          "title": "User Signup Flow",
          "fullFile": "cypress\\e2e\\auth\\signup.cy.ts",
          "file": "cypress\\e2e\\auth\\signup.cy.ts",
          "beforeHooks": [],
          "afterHooks": [],
          "tests": [],
          "suites": [
            {
              "uuid": "eb95e284-fcf9-452f-aec0-a05f324b0d0b",
              "title": "Verifies new user can successfully sign up and access secured features",
              "fullFile": "",
              "file": "",
              "beforeHooks": [],
              "afterHooks": [],
              "tests": [
                {
                  "title": "via Google Pixel 9 Pro Tags: [signup, regression, positive, mobile]",
                  "fullTitle": "User Signup Flow Verifies new user can successfully sign up and access secured features via Google Pixel 9 Pro Tags: [signup, regression, positive, mobile]",
                  "timedOut": null,
                  "duration": 27628,
                  "state": "passed",
                  "speed": "slow",
                  "pass": true,
                  "fail": false,
                  "pending": false,
                  "context": "[\n    {\n        \"title\": \"Tags\",\n        \"value\": \"signup, regression, positive, mobile\"\n    },\n    {\n        \"title\": \"Viewport\",\n        \"value\": {\n            \"width\": 1000,\n            \"height\": 660\n        }\n    },\n    {\n        \"title\": \"Spec video recording\",\n        \"value\": \"videos/signup.cy.ts.mp4\"\n    }\n]",
                  "code": "",
                  "err": {},
                  "uuid": "604cba31-7ce5-493d-b2a2-77b5b585497f",
                  "parentUUID": "eb95e284-fcf9-452f-aec0-a05f324b0d0b",
                  "isHook": false,
                  "skipped": false
                },
                {
                  "title": "via large desktop Tags: [signup, regression, positive, desktop]",
                  "fullTitle": "User Signup Flow Verifies new user can successfully sign up and access secured features via large desktop Tags: [signup, regression, positive, desktop]",
                  "timedOut": null,
                  "duration": 25020,
                  "state": "passed",
                  "speed": "slow",
                  "pass": true,
                  "fail": false,
                  "pending": false,
                  "context": "[\n    {\n        \"title\": \"Tags\",\n        \"value\": \"signup, regression, positive, desktop\"\n    },\n    {\n        \"title\": \"Viewport\",\n        \"value\": {\n            \"width\": 1000,\n            \"height\": 660\n        }\n    },\n    {\n        \"title\": \"Spec video recording\",\n        \"value\": \"videos/signup.cy.ts.mp4\"\n    }\n]",
                  "code": "",
                  "err": {},
                  "uuid": "b96fe551-acb3-412d-ac3c-59de113809f4",
                  "parentUUID": "eb95e284-fcf9-452f-aec0-a05f324b0d0b",
                  "isHook": false,
                  "skipped": false
                }
              ],
              "suites": [],
              "passes": [
                "604cba31-7ce5-493d-b2a2-77b5b585497f",
                "b96fe551-acb3-412d-ac3c-59de113809f4"
              ],
              "failures": [],
              "pending": [],
              "skipped": [],
              "duration": 52648,
              "root": false,
              "rootEmpty": false,
              "_timeout": 2000
            }
          ],
          "passes": [],
          "failures": [],
          "pending": [],
          "skipped": [],
          "duration": 0,
          "root": false,
          "rootEmpty": false,
          "_timeout": 2000
        }
      ],
      "passes": [],
      "failures": [],
      "pending": [],
      "skipped": [],
      "duration": 0,
      "root": true,
      "rootEmpty": true,
      "_timeout": 2000
    }
  ],
  "meta": {
    "mocha": {
      "version": "7.2.0"
    },
    "mochawesome": {
      "options": {
        "quiet": false,
        "reportFilename": "mochawesome",
        "saveHtml": false,
        "saveJson": true,
        "consoleReporter": "spec",
        "useInlineDiffs": false,
        "code": false
      },
      "version": "7.1.3"
    },
    "marge": {
      "options": {
        "reportDir": "cypress\\reports\\.jsons",
        "charts": true,
        "embeddedScreenshots": true,
        "inlineAssets": true,
        "saveJson": true,
        "saveHtml": true,
        "code": false,
        "overwrite": false,
        "html": false,
        "json": true
      },
      "version": "6.2.0"
    }
  }
}